<?xml version="1.0" encoding="UTF-8"?>
<!-- Generated by org.testng.reporters.JUnitXMLReporter -->
<testsuite hostname="WIN-HJS2J35D80T" ignored="0" name="Test(failed)" tests="1" failures="1" timestamp="06 Feb 2017 10:11:10 GMT" time="11.053" errors="0">
  <testcase name="testDashboards" time="7.45" classname="com.ThinkTime.scripts.TestDashboards">
    <failure type="java.lang.AssertionError" message="Lists differ at element [5]: 21 != 15 expected [21] but found [15]">
      <![CDATA[java.lang.AssertionError: Lists differ at element [5]: 21 != 15 expected [21] but found [15]
	at com.ThinkTime.scripts.TestDashboards.testDashboards(TestDashboards.java:35)
... Removed 30 stack frames]]>
    </failure>
  </testcase> <!-- testDashboards -->
</testsuite> <!-- Test(failed) -->
