<?xml version="1.0" encoding="UTF-8"?>
<testng-results skipped="7" failed="0" total="7" passed="0">
  <reporter-output>
  </reporter-output>
  <suite name="Suite" duration-ms="7401" started-at="2017-04-06T16:20:45Z" finished-at="2017-04-06T16:20:53Z">
    <groups>
    </groups>
    <test name="Test" duration-ms="7401" started-at="2017-04-06T16:20:45Z" finished-at="2017-04-06T16:20:53Z">
      <class name="com.ThinkTime.scripts.TestPresenceOfElements">
        <test-method status="FAIL" signature="launch()[pri:0, instance:com.ThinkTime.scripts.TestPresenceOfElements@617c74e5]" name="launch" is-config="true" duration-ms="0" started-at="2017-04-06T21:50:45Z" finished-at="2017-04-06T21:50:45Z">
          <exception class="org.openqa.selenium.WebDriverException">
            <message>
              <![CDATA[unknown error: cannot get automation extension
from chrome not reachable
  (Session info: chrome=57.0.2987.133)
  (Driver info: chromedriver=2.29.461591 (62ebf098771772160f391d75e589dc567915b233),platform=Windows NT 10.0.14393 x86_64) (WARNING: The server did not provide any stacktrace information)
Command duration or timeout: 4.04 seconds
Build info: version: '3.0.1', revision: '1969d75', time: '2016-10-18 09:49:13 -0700'
System info: host: 'DESKTOP-O05AUGE', ip: '192.168.1.8', os.name: 'Windows 10', os.arch: 'amd64', os.version: '10.0', java.version: '1.8.0_112'
Driver info: org.openqa.selenium.chrome.ChromeDriver
Capabilities [{applicationCacheEnabled=false, rotatable=false, mobileEmulationEnabled=false, networkConnectionEnabled=false, chrome={chromedriverVersion=2.29.461591 (62ebf098771772160f391d75e589dc567915b233), userDataDir=C:\Users\ROHITP~1\AppData\Local\Temp\scoped_dir2888_12735}, takesHeapSnapshot=true, pageLoadStrategy=normal, databaseEnabled=false, handlesAlerts=true, hasTouchScreen=false, version=57.0.2987.133, platform=XP, browserConnectionEnabled=false, nativeEvents=true, acceptSslCerts=true, locationContextEnabled=true, webStorageEnabled=true, browserName=chrome, takesScreenshot=true, javascriptEnabled=true, cssSelectorsEnabled=true, unexpectedAlertBehaviour=}]
Session ID: d9ba8e42d6caca0d891723420cdcbac7]]>
            </message>
            <full-stacktrace>
              <![CDATA[org.openqa.selenium.WebDriverException: unknown error: cannot get automation extension
from chrome not reachable
  (Session info: chrome=57.0.2987.133)
  (Driver info: chromedriver=2.29.461591 (62ebf098771772160f391d75e589dc567915b233),platform=Windows NT 10.0.14393 x86_64) (WARNING: The server did not provide any stacktrace information)
Command duration or timeout: 4.04 seconds
Build info: version: '3.0.1', revision: '1969d75', time: '2016-10-18 09:49:13 -0700'
System info: host: 'DESKTOP-O05AUGE', ip: '192.168.1.8', os.name: 'Windows 10', os.arch: 'amd64', os.version: '10.0', java.version: '1.8.0_112'
Driver info: org.openqa.selenium.chrome.ChromeDriver
Capabilities [{applicationCacheEnabled=false, rotatable=false, mobileEmulationEnabled=false, networkConnectionEnabled=false, chrome={chromedriverVersion=2.29.461591 (62ebf098771772160f391d75e589dc567915b233), userDataDir=C:\Users\ROHITP~1\AppData\Local\Temp\scoped_dir2888_12735}, takesHeapSnapshot=true, pageLoadStrategy=normal, databaseEnabled=false, handlesAlerts=true, hasTouchScreen=false, version=57.0.2987.133, platform=XP, browserConnectionEnabled=false, nativeEvents=true, acceptSslCerts=true, locationContextEnabled=true, webStorageEnabled=true, browserName=chrome, takesScreenshot=true, javascriptEnabled=true, cssSelectorsEnabled=true, unexpectedAlertBehaviour=}]
Session ID: d9ba8e42d6caca0d891723420cdcbac7
	at sun.reflect.NativeConstructorAccessorImpl.newInstance0(Native Method)
	at sun.reflect.NativeConstructorAccessorImpl.newInstance(Unknown Source)
	at sun.reflect.DelegatingConstructorAccessorImpl.newInstance(Unknown Source)
	at java.lang.reflect.Constructor.newInstance(Unknown Source)
	at org.openqa.selenium.remote.ErrorHandler.createThrowable(ErrorHandler.java:216)
	at org.openqa.selenium.remote.ErrorHandler.throwIfResponseFailed(ErrorHandler.java:168)
	at org.openqa.selenium.remote.RemoteWebDriver.execute(RemoteWebDriver.java:635)
	at org.openqa.selenium.remote.RemoteWebDriver.execute(RemoteWebDriver.java:658)
	at org.openqa.selenium.remote.RemoteWebDriver$RemoteWebDriverOptions$RemoteWindow.maximize(RemoteWebDriver.java:882)
	at com.ThinkTime.scripts.SuperClass.launch(SuperClass.java:25)
	at sun.reflect.NativeMethodAccessorImpl.invoke0(Native Method)
	at sun.reflect.NativeMethodAccessorImpl.invoke(Unknown Source)
	at sun.reflect.DelegatingMethodAccessorImpl.invoke(Unknown Source)
	at java.lang.reflect.Method.invoke(Unknown Source)
	at org.testng.internal.MethodInvocationHelper.invokeMethod(MethodInvocationHelper.java:80)
	at org.testng.internal.Invoker.invokeConfigurationMethod(Invoker.java:564)
	at org.testng.internal.Invoker.invokeConfigurations(Invoker.java:213)
	at org.testng.internal.Invoker.invokeMethod(Invoker.java:653)
	at org.testng.internal.Invoker.invokeTestMethod(Invoker.java:901)
	at org.testng.internal.Invoker.invokeTestMethods(Invoker.java:1231)
	at org.testng.internal.TestMethodWorker.invokeTestMethods(TestMethodWorker.java:127)
	at org.testng.internal.TestMethodWorker.run(TestMethodWorker.java:111)
	at org.testng.TestRunner.privateRun(TestRunner.java:767)
	at org.testng.TestRunner.run(TestRunner.java:617)
	at org.testng.SuiteRunner.runTest(SuiteRunner.java:334)
	at org.testng.SuiteRunner.runSequentially(SuiteRunner.java:329)
	at org.testng.SuiteRunner.privateRun(SuiteRunner.java:291)
	at org.testng.SuiteRunner.run(SuiteRunner.java:240)
	at org.testng.SuiteRunnerWorker.runSuite(SuiteRunnerWorker.java:52)
	at org.testng.SuiteRunnerWorker.run(SuiteRunnerWorker.java:86)
	at org.testng.TestNG.runSuitesSequentially(TestNG.java:1198)
	at org.testng.TestNG.runSuitesLocally(TestNG.java:1123)
	at org.testng.TestNG.run(TestNG.java:1031)
	at org.apache.maven.surefire.testng.TestNGExecutor.run(TestNGExecutor.java:281)
	at org.apache.maven.surefire.testng.TestNGXmlTestSuite.execute(TestNGXmlTestSuite.java:75)
	at org.apache.maven.surefire.testng.TestNGProvider.invoke(TestNGProvider.java:121)
	at org.apache.maven.surefire.booter.ForkedBooter.invokeProviderInSameClassLoader(ForkedBooter.java:290)
	at org.apache.maven.surefire.booter.ForkedBooter.runSuitesInProcess(ForkedBooter.java:242)
	at org.apache.maven.surefire.booter.ForkedBooter.main(ForkedBooter.java:121)
]]>
            </full-stacktrace>
          </exception> <!-- org.openqa.selenium.WebDriverException -->
          <reporter-output>
          </reporter-output>
        </test-method> <!-- launch -->
        <test-method status="SKIP" signature="presenceOfElement()[pri:0, instance:com.ThinkTime.scripts.TestPresenceOfElements@617c74e5]" name="presenceOfElement" duration-ms="1" started-at="2017-04-06T21:50:53Z" finished-at="2017-04-06T21:50:53Z">
          <reporter-output>
          </reporter-output>
        </test-method> <!-- presenceOfElement -->
        <test-method status="SKIP" signature="quit()[pri:0, instance:com.ThinkTime.scripts.TestPresenceOfElements@617c74e5]" name="quit" is-config="true" duration-ms="0" started-at="2017-04-06T21:50:53Z" finished-at="2017-04-06T21:50:53Z">
          <reporter-output>
          </reporter-output>
        </test-method> <!-- quit -->
      </class> <!-- com.ThinkTime.scripts.TestPresenceOfElements -->
      <class name="com.ThinkTime.scripts.TestLoginPage">
        <test-method status="SKIP" signature="launch()[pri:0, instance:com.ThinkTime.scripts.TestLoginPage@67b6d4ae]" name="launch" is-config="true" duration-ms="0" started-at="2017-04-06T21:50:53Z" finished-at="2017-04-06T21:50:53Z">
          <reporter-output>
          </reporter-output>
        </test-method> <!-- launch -->
        <test-method status="SKIP" signature="testLoginPage()[pri:0, instance:com.ThinkTime.scripts.TestLoginPage@67b6d4ae]" name="testLoginPage" duration-ms="2" started-at="2017-04-06T21:50:53Z" finished-at="2017-04-06T21:50:53Z">
          <reporter-output>
          </reporter-output>
        </test-method> <!-- testLoginPage -->
        <test-method status="SKIP" signature="quit()[pri:0, instance:com.ThinkTime.scripts.TestLoginPage@67b6d4ae]" name="quit" is-config="true" duration-ms="0" started-at="2017-04-06T21:50:53Z" finished-at="2017-04-06T21:50:53Z">
          <reporter-output>
          </reporter-output>
        </test-method> <!-- quit -->
      </class> <!-- com.ThinkTime.scripts.TestLoginPage -->
      <class name="com.ThinkTime.scripts.TestLevelBoxValues">
        <test-method status="SKIP" signature="launch()[pri:0, instance:com.ThinkTime.scripts.TestLevelBoxValues@34b7bfc0]" name="launch" is-config="true" duration-ms="0" started-at="2017-04-06T21:50:53Z" finished-at="2017-04-06T21:50:53Z">
          <reporter-output>
          </reporter-output>
        </test-method> <!-- launch -->
        <test-method status="SKIP" signature="quit()[pri:0, instance:com.ThinkTime.scripts.TestLevelBoxValues@34b7bfc0]" name="quit" is-config="true" duration-ms="0" started-at="2017-04-06T21:50:53Z" finished-at="2017-04-06T21:50:53Z">
          <reporter-output>
          </reporter-output>
        </test-method> <!-- quit -->
        <test-method status="SKIP" signature="testLevelBoxValues()[pri:0, instance:com.ThinkTime.scripts.TestLevelBoxValues@34b7bfc0]" name="testLevelBoxValues" duration-ms="0" started-at="2017-04-06T21:50:53Z" finished-at="2017-04-06T21:50:53Z">
          <reporter-output>
          </reporter-output>
        </test-method> <!-- testLevelBoxValues -->
      </class> <!-- com.ThinkTime.scripts.TestLevelBoxValues -->
      <class name="com.ThinkTime.scripts.TestDashboards">
        <test-method status="SKIP" signature="testDashboards()[pri:0, instance:com.ThinkTime.scripts.TestDashboards@6537cf78]" name="testDashboards" duration-ms="1" started-at="2017-04-06T21:50:53Z" finished-at="2017-04-06T21:50:53Z">
          <reporter-output>
          </reporter-output>
        </test-method> <!-- testDashboards -->
        <test-method status="SKIP" signature="launch()[pri:0, instance:com.ThinkTime.scripts.TestDashboards@6537cf78]" name="launch" is-config="true" duration-ms="0" started-at="2017-04-06T21:50:53Z" finished-at="2017-04-06T21:50:53Z">
          <reporter-output>
          </reporter-output>
        </test-method> <!-- launch -->
        <test-method status="SKIP" signature="quit()[pri:0, instance:com.ThinkTime.scripts.TestDashboards@6537cf78]" name="quit" is-config="true" duration-ms="0" started-at="2017-04-06T21:50:53Z" finished-at="2017-04-06T21:50:53Z">
          <reporter-output>
          </reporter-output>
        </test-method> <!-- quit -->
      </class> <!-- com.ThinkTime.scripts.TestDashboards -->
      <class name="com.ThinkTime.scripts.TestAddCorporateTaskPage">
        <test-method status="SKIP" signature="testACTPage()[pri:0, instance:com.ThinkTime.scripts.TestAddCorporateTaskPage@2d554825]" name="testACTPage" duration-ms="0" started-at="2017-04-06T21:50:53Z" finished-at="2017-04-06T21:50:53Z">
          <reporter-output>
          </reporter-output>
        </test-method> <!-- testACTPage -->
        <test-method status="SKIP" signature="launch()[pri:0, instance:com.ThinkTime.scripts.TestAddCorporateTaskPage@2d554825]" name="launch" is-config="true" duration-ms="0" started-at="2017-04-06T21:50:53Z" finished-at="2017-04-06T21:50:53Z">
          <reporter-output>
          </reporter-output>
        </test-method> <!-- launch -->
        <test-method status="SKIP" signature="launch()[pri:0, instance:com.ThinkTime.scripts.TestAddCorporateTaskPage@2d554825]" name="launch" is-config="true" duration-ms="0" started-at="2017-04-06T21:50:53Z" finished-at="2017-04-06T21:50:53Z">
          <reporter-output>
          </reporter-output>
        </test-method> <!-- launch -->
        <test-method status="SKIP" signature="quit()[pri:0, instance:com.ThinkTime.scripts.TestAddCorporateTaskPage@2d554825]" name="quit" is-config="true" duration-ms="0" started-at="2017-04-06T21:50:53Z" finished-at="2017-04-06T21:50:53Z">
          <reporter-output>
          </reporter-output>
        </test-method> <!-- quit -->
        <test-method status="SKIP" signature="testRequiredFields()[pri:0, instance:com.ThinkTime.scripts.TestAddCorporateTaskPage@2d554825]" name="testRequiredFields" duration-ms="0" started-at="2017-04-06T21:50:53Z" finished-at="2017-04-06T21:50:53Z">
          <reporter-output>
          </reporter-output>
        </test-method> <!-- testRequiredFields -->
        <test-method status="SKIP" signature="testEnabledFields()[pri:0, instance:com.ThinkTime.scripts.TestAddCorporateTaskPage@2d554825]" name="testEnabledFields" duration-ms="0" started-at="2017-04-06T21:50:53Z" finished-at="2017-04-06T21:50:53Z">
          <reporter-output>
          </reporter-output>
        </test-method> <!-- testEnabledFields -->
        <test-method status="SKIP" signature="quit()[pri:0, instance:com.ThinkTime.scripts.TestAddCorporateTaskPage@2d554825]" name="quit" is-config="true" duration-ms="0" started-at="2017-04-06T21:50:53Z" finished-at="2017-04-06T21:50:53Z">
          <reporter-output>
          </reporter-output>
        </test-method> <!-- quit -->
        <test-method status="SKIP" signature="launch()[pri:0, instance:com.ThinkTime.scripts.TestAddCorporateTaskPage@2d554825]" name="launch" is-config="true" duration-ms="0" started-at="2017-04-06T21:50:53Z" finished-at="2017-04-06T21:50:53Z">
          <reporter-output>
          </reporter-output>
        </test-method> <!-- launch -->
        <test-method status="SKIP" signature="quit()[pri:0, instance:com.ThinkTime.scripts.TestAddCorporateTaskPage@2d554825]" name="quit" is-config="true" duration-ms="0" started-at="2017-04-06T21:50:53Z" finished-at="2017-04-06T21:50:53Z">
          <reporter-output>
          </reporter-output>
        </test-method> <!-- quit -->
      </class> <!-- com.ThinkTime.scripts.TestAddCorporateTaskPage -->
    </test> <!-- Test -->
  </suite> <!-- Suite -->
</testng-results>
