<?xml version="1.0" encoding="UTF-8"?>
<testng-results skipped="7" failed="0" total="7" passed="0">
  <reporter-output>
  </reporter-output>
  <suite name="Suite" duration-ms="20293" started-at="2017-04-06T16:06:15Z" finished-at="2017-04-06T16:06:36Z">
    <groups>
    </groups>
    <test name="Test" duration-ms="20293" started-at="2017-04-06T16:06:15Z" finished-at="2017-04-06T16:06:36Z">
      <class name="com.ThinkTime.scripts.TestPresenceOfElements">
        <test-method status="FAIL" signature="launch()[pri:0, instance:com.ThinkTime.scripts.TestPresenceOfElements@13deb50e]" name="launch" is-config="true" duration-ms="0" started-at="2017-04-06T21:36:15Z" finished-at="2017-04-06T21:36:15Z">
          <exception class="org.openqa.selenium.WebDriverException">
            <message>
              <![CDATA[unknown error: cannot get automation extension
from unknown error: page could not be found: chrome-extension://aapnijgdinlhnhlmodcfapnahmbfebeb/_generated_background_page.html
  (Session info: chrome=57.0.2987.133)
  (Driver info: chromedriver=2.27.440174 (e97a722caafc2d3a8b807ee115bfb307f7d2cfd9),platform=Windows NT 10.0.14393 x86_64) (WARNING: The server did not provide any stacktrace information)
Command duration or timeout: 10.04 seconds
Build info: version: '3.0.1', revision: '1969d75', time: '2016-10-18 09:49:13 -0700'
System info: host: 'DESKTOP-O05AUGE', ip: '192.168.1.8', os.name: 'Windows 10', os.arch: 'amd64', os.version: '10.0', java.version: '1.8.0_112'
Driver info: org.openqa.selenium.chrome.ChromeDriver
Capabilities [{applicationCacheEnabled=false, rotatable=false, mobileEmulationEnabled=false, networkConnectionEnabled=false, chrome={chromedriverVersion=2.27.440174 (e97a722caafc2d3a8b807ee115bfb307f7d2cfd9), userDataDir=C:\Users\ROHITP~1\AppData\Local\Temp\scoped_dir13284_30922}, takesHeapSnapshot=true, pageLoadStrategy=normal, databaseEnabled=false, handlesAlerts=true, hasTouchScreen=false, version=57.0.2987.133, platform=XP, browserConnectionEnabled=false, nativeEvents=true, acceptSslCerts=true, locationContextEnabled=true, webStorageEnabled=true, browserName=chrome, takesScreenshot=true, javascriptEnabled=true, cssSelectorsEnabled=true, unexpectedAlertBehaviour=}]
Session ID: f0168ce3f883c5704bf4fe3ec1e07028]]>
            </message>
            <full-stacktrace>
              <![CDATA[org.openqa.selenium.WebDriverException: unknown error: cannot get automation extension
from unknown error: page could not be found: chrome-extension://aapnijgdinlhnhlmodcfapnahmbfebeb/_generated_background_page.html
  (Session info: chrome=57.0.2987.133)
  (Driver info: chromedriver=2.27.440174 (e97a722caafc2d3a8b807ee115bfb307f7d2cfd9),platform=Windows NT 10.0.14393 x86_64) (WARNING: The server did not provide any stacktrace information)
Command duration or timeout: 10.04 seconds
Build info: version: '3.0.1', revision: '1969d75', time: '2016-10-18 09:49:13 -0700'
System info: host: 'DESKTOP-O05AUGE', ip: '192.168.1.8', os.name: 'Windows 10', os.arch: 'amd64', os.version: '10.0', java.version: '1.8.0_112'
Driver info: org.openqa.selenium.chrome.ChromeDriver
Capabilities [{applicationCacheEnabled=false, rotatable=false, mobileEmulationEnabled=false, networkConnectionEnabled=false, chrome={chromedriverVersion=2.27.440174 (e97a722caafc2d3a8b807ee115bfb307f7d2cfd9), userDataDir=C:\Users\ROHITP~1\AppData\Local\Temp\scoped_dir13284_30922}, takesHeapSnapshot=true, pageLoadStrategy=normal, databaseEnabled=false, handlesAlerts=true, hasTouchScreen=false, version=57.0.2987.133, platform=XP, browserConnectionEnabled=false, nativeEvents=true, acceptSslCerts=true, locationContextEnabled=true, webStorageEnabled=true, browserName=chrome, takesScreenshot=true, javascriptEnabled=true, cssSelectorsEnabled=true, unexpectedAlertBehaviour=}]
Session ID: f0168ce3f883c5704bf4fe3ec1e07028
	at sun.reflect.NativeConstructorAccessorImpl.newInstance0(Native Method)
	at sun.reflect.NativeConstructorAccessorImpl.newInstance(Unknown Source)
	at sun.reflect.DelegatingConstructorAccessorImpl.newInstance(Unknown Source)
	at java.lang.reflect.Constructor.newInstance(Unknown Source)
	at org.openqa.selenium.remote.ErrorHandler.createThrowable(ErrorHandler.java:216)
	at org.openqa.selenium.remote.ErrorHandler.throwIfResponseFailed(ErrorHandler.java:168)
	at org.openqa.selenium.remote.RemoteWebDriver.execute(RemoteWebDriver.java:635)
	at org.openqa.selenium.remote.RemoteWebDriver.execute(RemoteWebDriver.java:658)
	at org.openqa.selenium.remote.RemoteWebDriver$RemoteWebDriverOptions$RemoteWindow.maximize(RemoteWebDriver.java:882)
	at com.ThinkTime.scripts.SuperClass.launch(SuperClass.java:25)
	at sun.reflect.NativeMethodAccessorImpl.invoke0(Native Method)
	at sun.reflect.NativeMethodAccessorImpl.invoke(Unknown Source)
	at sun.reflect.DelegatingMethodAccessorImpl.invoke(Unknown Source)
	at java.lang.reflect.Method.invoke(Unknown Source)
	at org.testng.internal.MethodInvocationHelper.invokeMethod(MethodInvocationHelper.java:100)
	at org.testng.internal.Invoker.invokeConfigurationMethod(Invoker.java:515)
	at org.testng.internal.Invoker.invokeConfigurations(Invoker.java:216)
	at org.testng.internal.Invoker.invokeMethod(Invoker.java:590)
	at org.testng.internal.Invoker.invokeTestMethod(Invoker.java:811)
	at org.testng.internal.Invoker.invokeTestMethods(Invoker.java:1129)
	at org.testng.internal.TestMethodWorker.invokeTestMethods(TestMethodWorker.java:129)
	at org.testng.internal.TestMethodWorker.run(TestMethodWorker.java:112)
	at org.testng.TestRunner.privateRun(TestRunner.java:746)
	at org.testng.TestRunner.run(TestRunner.java:600)
	at org.testng.SuiteRunner.runTest(SuiteRunner.java:366)
	at org.testng.SuiteRunner.runSequentially(SuiteRunner.java:361)
	at org.testng.SuiteRunner.privateRun(SuiteRunner.java:319)
	at org.testng.SuiteRunner.run(SuiteRunner.java:268)
	at org.testng.SuiteRunnerWorker.runSuite(SuiteRunnerWorker.java:52)
	at org.testng.SuiteRunnerWorker.run(SuiteRunnerWorker.java:86)
	at org.testng.TestNG.runSuitesSequentially(TestNG.java:1264)
	at org.testng.TestNG.runSuitesLocally(TestNG.java:1189)
	at org.testng.TestNG.runSuites(TestNG.java:1104)
	at org.testng.TestNG.run(TestNG.java:1076)
	at org.testng.remote.AbstractRemoteTestNG.run(AbstractRemoteTestNG.java:126)
	at org.testng.remote.RemoteTestNG.initAndRun(RemoteTestNG.java:152)
	at org.testng.remote.RemoteTestNG.main(RemoteTestNG.java:57)
]]>
            </full-stacktrace>
          </exception> <!-- org.openqa.selenium.WebDriverException -->
          <reporter-output>
          </reporter-output>
        </test-method> <!-- launch -->
        <test-method status="SKIP" signature="presenceOfElement()[pri:0, instance:com.ThinkTime.scripts.TestPresenceOfElements@13deb50e]" name="presenceOfElement" duration-ms="4" started-at="2017-04-06T21:36:36Z" finished-at="2017-04-06T21:36:36Z">
          <reporter-output>
          </reporter-output>
        </test-method> <!-- presenceOfElement -->
        <test-method status="SKIP" signature="quit()[pri:0, instance:com.ThinkTime.scripts.TestPresenceOfElements@13deb50e]" name="quit" is-config="true" duration-ms="0" started-at="2017-04-06T21:36:36Z" finished-at="2017-04-06T21:36:36Z">
          <reporter-output>
          </reporter-output>
        </test-method> <!-- quit -->
      </class> <!-- com.ThinkTime.scripts.TestPresenceOfElements -->
      <class name="com.ThinkTime.scripts.TestLoginPage">
        <test-method status="SKIP" signature="launch()[pri:0, instance:com.ThinkTime.scripts.TestLoginPage@31ef45e3]" name="launch" is-config="true" duration-ms="0" started-at="2017-04-06T21:36:36Z" finished-at="2017-04-06T21:36:36Z">
          <reporter-output>
          </reporter-output>
        </test-method> <!-- launch -->
        <test-method status="SKIP" signature="testLoginPage()[pri:0, instance:com.ThinkTime.scripts.TestLoginPage@31ef45e3]" name="testLoginPage" duration-ms="1" started-at="2017-04-06T21:36:36Z" finished-at="2017-04-06T21:36:36Z">
          <reporter-output>
          </reporter-output>
        </test-method> <!-- testLoginPage -->
        <test-method status="SKIP" signature="quit()[pri:0, instance:com.ThinkTime.scripts.TestLoginPage@31ef45e3]" name="quit" is-config="true" duration-ms="0" started-at="2017-04-06T21:36:36Z" finished-at="2017-04-06T21:36:36Z">
          <reporter-output>
          </reporter-output>
        </test-method> <!-- quit -->
      </class> <!-- com.ThinkTime.scripts.TestLoginPage -->
      <class name="com.ThinkTime.scripts.TestLevelBoxValues">
        <test-method status="SKIP" signature="launch()[pri:0, instance:com.ThinkTime.scripts.TestLevelBoxValues@239963d8]" name="launch" is-config="true" duration-ms="0" started-at="2017-04-06T21:36:36Z" finished-at="2017-04-06T21:36:36Z">
          <reporter-output>
          </reporter-output>
        </test-method> <!-- launch -->
        <test-method status="SKIP" signature="testLevelBoxValues()[pri:0, instance:com.ThinkTime.scripts.TestLevelBoxValues@239963d8]" name="testLevelBoxValues" duration-ms="1" started-at="2017-04-06T21:36:36Z" finished-at="2017-04-06T21:36:36Z">
          <reporter-output>
          </reporter-output>
        </test-method> <!-- testLevelBoxValues -->
        <test-method status="SKIP" signature="quit()[pri:0, instance:com.ThinkTime.scripts.TestLevelBoxValues@239963d8]" name="quit" is-config="true" duration-ms="0" started-at="2017-04-06T21:36:36Z" finished-at="2017-04-06T21:36:36Z">
          <reporter-output>
          </reporter-output>
        </test-method> <!-- quit -->
      </class> <!-- com.ThinkTime.scripts.TestLevelBoxValues -->
      <class name="com.ThinkTime.scripts.TestDashboards">
        <test-method status="SKIP" signature="launch()[pri:0, instance:com.ThinkTime.scripts.TestDashboards@57fffcd7]" name="launch" is-config="true" duration-ms="0" started-at="2017-04-06T21:36:36Z" finished-at="2017-04-06T21:36:36Z">
          <reporter-output>
          </reporter-output>
        </test-method> <!-- launch -->
        <test-method status="SKIP" signature="testDashboards()[pri:0, instance:com.ThinkTime.scripts.TestDashboards@57fffcd7]" name="testDashboards" duration-ms="2" started-at="2017-04-06T21:36:36Z" finished-at="2017-04-06T21:36:36Z">
          <reporter-output>
          </reporter-output>
        </test-method> <!-- testDashboards -->
        <test-method status="SKIP" signature="quit()[pri:0, instance:com.ThinkTime.scripts.TestDashboards@57fffcd7]" name="quit" is-config="true" duration-ms="0" started-at="2017-04-06T21:36:36Z" finished-at="2017-04-06T21:36:36Z">
          <reporter-output>
          </reporter-output>
        </test-method> <!-- quit -->
      </class> <!-- com.ThinkTime.scripts.TestDashboards -->
      <class name="com.ThinkTime.scripts.TestAddCorporateTaskPage">
        <test-method status="SKIP" signature="launch()[pri:0, instance:com.ThinkTime.scripts.TestAddCorporateTaskPage@3abbfa04]" name="launch" is-config="true" duration-ms="0" started-at="2017-04-06T21:36:36Z" finished-at="2017-04-06T21:36:36Z">
          <reporter-output>
          </reporter-output>
        </test-method> <!-- launch -->
        <test-method status="SKIP" signature="testACTPage()[pri:0, instance:com.ThinkTime.scripts.TestAddCorporateTaskPage@3abbfa04]" name="testACTPage" duration-ms="1" started-at="2017-04-06T21:36:36Z" finished-at="2017-04-06T21:36:36Z">
          <reporter-output>
          </reporter-output>
        </test-method> <!-- testACTPage -->
        <test-method status="SKIP" signature="quit()[pri:0, instance:com.ThinkTime.scripts.TestAddCorporateTaskPage@3abbfa04]" name="quit" is-config="true" duration-ms="0" started-at="2017-04-06T21:36:36Z" finished-at="2017-04-06T21:36:36Z">
          <reporter-output>
          </reporter-output>
        </test-method> <!-- quit -->
        <test-method status="SKIP" signature="launch()[pri:0, instance:com.ThinkTime.scripts.TestAddCorporateTaskPage@3abbfa04]" name="launch" is-config="true" duration-ms="0" started-at="2017-04-06T21:36:36Z" finished-at="2017-04-06T21:36:36Z">
          <reporter-output>
          </reporter-output>
        </test-method> <!-- launch -->
        <test-method status="SKIP" signature="testEnabledFields()[pri:0, instance:com.ThinkTime.scripts.TestAddCorporateTaskPage@3abbfa04]" name="testEnabledFields" duration-ms="4" started-at="2017-04-06T21:36:36Z" finished-at="2017-04-06T21:36:36Z">
          <reporter-output>
          </reporter-output>
        </test-method> <!-- testEnabledFields -->
        <test-method status="SKIP" signature="quit()[pri:0, instance:com.ThinkTime.scripts.TestAddCorporateTaskPage@3abbfa04]" name="quit" is-config="true" duration-ms="0" started-at="2017-04-06T21:36:36Z" finished-at="2017-04-06T21:36:36Z">
          <reporter-output>
          </reporter-output>
        </test-method> <!-- quit -->
        <test-method status="SKIP" signature="launch()[pri:0, instance:com.ThinkTime.scripts.TestAddCorporateTaskPage@3abbfa04]" name="launch" is-config="true" duration-ms="0" started-at="2017-04-06T21:36:36Z" finished-at="2017-04-06T21:36:36Z">
          <reporter-output>
          </reporter-output>
        </test-method> <!-- launch -->
        <test-method status="SKIP" signature="testRequiredFields()[pri:0, instance:com.ThinkTime.scripts.TestAddCorporateTaskPage@3abbfa04]" name="testRequiredFields" duration-ms="8" started-at="2017-04-06T21:36:36Z" finished-at="2017-04-06T21:36:36Z">
          <reporter-output>
          </reporter-output>
        </test-method> <!-- testRequiredFields -->
        <test-method status="SKIP" signature="quit()[pri:0, instance:com.ThinkTime.scripts.TestAddCorporateTaskPage@3abbfa04]" name="quit" is-config="true" duration-ms="0" started-at="2017-04-06T21:36:36Z" finished-at="2017-04-06T21:36:36Z">
          <reporter-output>
          </reporter-output>
        </test-method> <!-- quit -->
      </class> <!-- com.ThinkTime.scripts.TestAddCorporateTaskPage -->
    </test> <!-- Test -->
  </suite> <!-- Suite -->
</testng-results>
